
=== Tue Feb  5 15:27:55 2019

Packages were changed.
Update Mode: updateDependencies

The following packages were added:
  com.unity.collab-proxy@1.2.15
The following packages were updated:
  com.unity.analytics from version 2.0.16 to 3.2.2
  com.unity.package-manager-ui from version 1.9.11 to 2.0.3
  com.unity.textmeshpro from version 1.2.4 to 1.3.0

=== Thu Feb  7 15:43:14 2019

Packages were changed.
Update Mode: resetToDefaultDependencies

The following packages were added:
  com.unity.collab-proxy@1.2.15
The following packages were updated:
  com.unity.analytics from version 2.0.16 to 3.2.2
  com.unity.textmeshpro from version 1.2.4 to 1.3.0
  com.unity.package-manager-ui from version 1.9.11 to 2.0.3
The following packages were removed:
  com.unity.2d.animation@1.0.16-preview.1
  com.unity.2d.ik@1.0.6-preview
  com.unity.2d.pixel-perfect@1.0.1-preview
  com.unity.cinemachine@2.2.7
